2025-07-07 04:38:15 [[31MERROR[39M]: uncaughtException: â¨¯ Unable to compile TypeScript:
src/services/authService.ts(71,25): error TS2339: Property 'firstName' does not exist on type '{ company: { email: string; name: string; id: number; createdAt: Date; updatedAt: Date; rfc: string; legalName: string; address: string; phone: string | null; status: CompanyStatus; ... 6 more ...; certificatePassword: string | null; } | null; employee: { ...; } | null; } & { ...; }'.
src/services/authService.ts(72,24): error TS2339: Property 'lastName' does not exist on type '{ company: { email: string; name: string; id: number; createdAt: Date; updatedAt: Date; rfc: string; legalName: string; address: string; phone: string | null; status: CompanyStatus; ... 6 more ...; certificatePassword: string | null; } | null; employee: { ...; } | null; } & { ...; }'.
src/services/authService.ts(73,21): error TS2339: Property 'phone' does not exist on type '{ company: { email: string; name: string; id: number; createdAt: Date; updatedAt: Date; rfc: string; legalName: string; address: string; phone: string | null; status: CompanyStatus; ... 6 more ...; certificatePassword: string | null; } | null; employee: { ...; } | null; } & { ...; }'.
src/services/authService.ts(74,24): error TS2339: Property 'photoUrl' does not exist on type '{ company: { email: string; name: string; id: number; createdAt: Date; updatedAt: Date; rfc: string; legalName: string; address: string; phone: string | null; status: CompanyStatus; ... 6 more ...; certificatePassword: string | null; } | null; employee: { ...; } | null; } & { ...; }'.

TSError: â¨¯ Unable to compile TypeScript:
src/services/authService.ts(71,25): error TS2339: Property 'firstName' does not exist on type '{ company: { email: string; name: string; id: number; createdAt: Date; updatedAt: Date; rfc: string; legalName: string; address: string; phone: string | null; status: CompanyStatus; ... 6 more ...; certificatePassword: string | null; } | null; employee: { ...; } | null; } & { ...; }'.
src/services/authService.ts(72,24): error TS2339: Property 'lastName' does not exist on type '{ company: { email: string; name: string; id: number; createdAt: Date; updatedAt: Date; rfc: string; legalName: string; address: string; phone: string | null; status: CompanyStatus; ... 6 more ...; certificatePassword: string | null; } | null; employee: { ...; } | null; } & { ...; }'.
src/services/authService.ts(73,21): error TS2339: Property 'phone' does not exist on type '{ company: { email: string; name: string; id: number; createdAt: Date; updatedAt: Date; rfc: string; legalName: string; address: string; phone: string | null; status: CompanyStatus; ... 6 more ...; certificatePassword: string | null; } | null; employee: { ...; } | null; } & { ...; }'.
src/services/authService.ts(74,24): error TS2339: Property 'photoUrl' does not exist on type '{ company: { email: string; name: string; id: number; createdAt: Date; updatedAt: Date; rfc: string; legalName: string; address: string; phone: string | null; status: CompanyStatus; ... 6 more ...; certificatePassword: string | null; } | null; employee: { ...; } | null; } & { ...; }'.

    at createTSError (/app/node_modules/ts-node/src/index.ts:859:12)
    at reportTSError (/app/node_modules/ts-node/src/index.ts:863:19)
    at getOutput (/app/node_modules/ts-node/src/index.ts:1077:36)
    at Object.compile (/app/node_modules/ts-node/src/index.ts:1433:41)
    at Module.m._compile (/app/node_modules/ts-node/src/index.ts:1617:30)
    at Module._extensions..js (node:internal/modules/cjs/loader:1422:10)
    at Object.require.extensions.<computed> [as .ts] (/app/node_modules/ts-node/src/index.ts:1621:12)
    at Module.load (node:internal/modules/cjs/loader:1203:32)
    at Function.Module._load (node:internal/modules/cjs/loader:1019:12)
    at Module.require (node:internal/modules/cjs/loader:1231:19)
TSError: â¨¯ Unable to compile TypeScript:
src/services/authService.ts(71,25): error TS2339: Property 'firstName' does not exist on type '{ company: { email: string; name: string; id: number; createdAt: Date; updatedAt: Date; rfc: string; legalName: string; address: string; phone: string | null; status: CompanyStatus; ... 6 more ...; certificatePassword: string | null; } | null; employee: { ...; } | null; } & { ...; }'.
src/services/authService.ts(72,24): error TS2339: Property 'lastName' does not exist on type '{ company: { email: string; name: string; id: number; createdAt: Date; updatedAt: Date; rfc: string; legalName: string; address: string; phone: string | null; status: CompanyStatus; ... 6 more ...; certificatePassword: string | null; } | null; employee: { ...; } | null; } & { ...; }'.
src/services/authService.ts(73,21): error TS2339: Property 'phone' does not exist on type '{ company: { email: string; name: string; id: number; createdAt: Date; updatedAt: Date; rfc: string; legalName: string; address: string; phone: string | null; status: CompanyStatus; ... 6 more ...; certificatePassword: string | null; } | null; employee: { ...; } | null; } & { ...; }'.
src/services/authService.ts(74,24): error TS2339: Property 'photoUrl' does not exist on type '{ company: { email: string; name: string; id: number; createdAt: Date; updatedAt: Date; rfc: string; legalName: string; address: string; phone: string | null; status: CompanyStatus; ... 6 more ...; certificatePassword: string | null; } | null; employee: { ...; } | null; } & { ...; }'.

    at createTSError (/app/node_modules/ts-node/src/index.ts:859:12)
    at reportTSError (/app/node_modules/ts-node/src/index.ts:863:19)
    at getOutput (/app/node_modules/ts-node/src/index.ts:1077:36)
    at Object.compile (/app/node_modules/ts-node/src/index.ts:1433:41)
    at Module.m._compile (/app/node_modules/ts-node/src/index.ts:1617:30)
    at Module._extensions..js (node:internal/modules/cjs/loader:1422:10)
    at Object.require.extensions.<computed> [as .ts] (/app/node_modules/ts-node/src/index.ts:1621:12)
    at Module.load (node:internal/modules/cjs/loader:1203:32)
    at Function.Module._load (node:internal/modules/cjs/loader:1019:12)
    at Module.require (node:internal/modules/cjs/loader:1231:19)
2025-07-06 23:41:01 [ERROR]: uncaughtException: listen EADDRINUSE: address already in use :::3001
Error: listen EADDRINUSE: address already in use :::3001
    at Server.setupListenHandle [as _listen2] (node:net:1912:16)
    at listenInCluster (node:net:1969:12)
    at Server.listen (node:net:2074:7)
    at startServer (/Users/jorge.francisco/Desktop/pulse-mvp/mysourcing-pulse-backend/src/app.ts:224:12)
Error: listen EADDRINUSE: address already in use :::3001
    at Server.setupListenHandle [as _listen2] (node:net:1912:16)
    at listenInCluster (node:net:1969:12)
    at Server.listen (node:net:2074:7)
    at startServer (/Users/jorge.francisco/Desktop/pulse-mvp/mysourcing-pulse-backend/src/app.ts:224:12)
2025-07-06 23:48:22 [ERROR]: uncaughtException: listen EADDRINUSE: address already in use :::3001
Error: listen EADDRINUSE: address already in use :::3001
    at Server.setupListenHandle [as _listen2] (node:net:1912:16)
    at listenInCluster (node:net:1969:12)
    at Server.listen (node:net:2074:7)
    at startServer (/Users/jorge.francisco/Desktop/pulse-mvp/mysourcing-pulse-backend/src/app.ts:224:12)
Error: listen EADDRINUSE: address already in use :::3001
    at Server.setupListenHandle [as _listen2] (node:net:1912:16)
    at listenInCluster (node:net:1969:12)
    at Server.listen (node:net:2074:7)
    at startServer (/Users/jorge.francisco/Desktop/pulse-mvp/mysourcing-pulse-backend/src/app.ts:224:12)
2025-07-07 16:22:10 [[31MERROR[39M]: uncaughtException: â¨¯ Unable to compile TypeScript:
src/services/authService.ts(71,25): error TS2339: Property 'firstName' does not exist on type '{ company: { email: string; name: string; id: number; createdAt: Date; updatedAt: Date; rfc: string; legalName: string; address: string; phone: string | null; status: CompanyStatus; ... 6 more ...; certificatePassword: string | null; } | null; employee: { ...; } | null; } & { ...; }'.
src/services/authService.ts(72,24): error TS2339: Property 'lastName' does not exist on type '{ company: { email: string; name: string; id: number; createdAt: Date; updatedAt: Date; rfc: string; legalName: string; address: string; phone: string | null; status: CompanyStatus; ... 6 more ...; certificatePassword: string | null; } | null; employee: { ...; } | null; } & { ...; }'.
src/services/authService.ts(73,21): error TS2339: Property 'phone' does not exist on type '{ company: { email: string; name: string; id: number; createdAt: Date; updatedAt: Date; rfc: string; legalName: string; address: string; phone: string | null; status: CompanyStatus; ... 6 more ...; certificatePassword: string | null; } | null; employee: { ...; } | null; } & { ...; }'.
src/services/authService.ts(74,24): error TS2339: Property 'photoUrl' does not exist on type '{ company: { email: string; name: string; id: number; createdAt: Date; updatedAt: Date; rfc: string; legalName: string; address: string; phone: string | null; status: CompanyStatus; ... 6 more ...; certificatePassword: string | null; } | null; employee: { ...; } | null; } & { ...; }'.

TSError: â¨¯ Unable to compile TypeScript:
src/services/authService.ts(71,25): error TS2339: Property 'firstName' does not exist on type '{ company: { email: string; name: string; id: number; createdAt: Date; updatedAt: Date; rfc: string; legalName: string; address: string; phone: string | null; status: CompanyStatus; ... 6 more ...; certificatePassword: string | null; } | null; employee: { ...; } | null; } & { ...; }'.
src/services/authService.ts(72,24): error TS2339: Property 'lastName' does not exist on type '{ company: { email: string; name: string; id: number; createdAt: Date; updatedAt: Date; rfc: string; legalName: string; address: string; phone: string | null; status: CompanyStatus; ... 6 more ...; certificatePassword: string | null; } | null; employee: { ...; } | null; } & { ...; }'.
src/services/authService.ts(73,21): error TS2339: Property 'phone' does not exist on type '{ company: { email: string; name: string; id: number; createdAt: Date; updatedAt: Date; rfc: string; legalName: string; address: string; phone: string | null; status: CompanyStatus; ... 6 more ...; certificatePassword: string | null; } | null; employee: { ...; } | null; } & { ...; }'.
src/services/authService.ts(74,24): error TS2339: Property 'photoUrl' does not exist on type '{ company: { email: string; name: string; id: number; createdAt: Date; updatedAt: Date; rfc: string; legalName: string; address: string; phone: string | null; status: CompanyStatus; ... 6 more ...; certificatePassword: string | null; } | null; employee: { ...; } | null; } & { ...; }'.

    at createTSError (/app/node_modules/ts-node/src/index.ts:859:12)
    at reportTSError (/app/node_modules/ts-node/src/index.ts:863:19)
    at getOutput (/app/node_modules/ts-node/src/index.ts:1077:36)
    at Object.compile (/app/node_modules/ts-node/src/index.ts:1433:41)
    at Module.m._compile (/app/node_modules/ts-node/src/index.ts:1617:30)
    at Module._extensions..js (node:internal/modules/cjs/loader:1422:10)
    at Object.require.extensions.<computed> [as .ts] (/app/node_modules/ts-node/src/index.ts:1621:12)
    at Module.load (node:internal/modules/cjs/loader:1203:32)
    at Function.Module._load (node:internal/modules/cjs/loader:1019:12)
    at Module.require (node:internal/modules/cjs/loader:1231:19)
TSError: â¨¯ Unable to compile TypeScript:
src/services/authService.ts(71,25): error TS2339: Property 'firstName' does not exist on type '{ company: { email: string; name: string; id: number; createdAt: Date; updatedAt: Date; rfc: string; legalName: string; address: string; phone: string | null; status: CompanyStatus; ... 6 more ...; certificatePassword: string | null; } | null; employee: { ...; } | null; } & { ...; }'.
src/services/authService.ts(72,24): error TS2339: Property 'lastName' does not exist on type '{ company: { email: string; name: string; id: number; createdAt: Date; updatedAt: Date; rfc: string; legalName: string; address: string; phone: string | null; status: CompanyStatus; ... 6 more ...; certificatePassword: string | null; } | null; employee: { ...; } | null; } & { ...; }'.
src/services/authService.ts(73,21): error TS2339: Property 'phone' does not exist on type '{ company: { email: string; name: string; id: number; createdAt: Date; updatedAt: Date; rfc: string; legalName: string; address: string; phone: string | null; status: CompanyStatus; ... 6 more ...; certificatePassword: string | null; } | null; employee: { ...; } | null; } & { ...; }'.
src/services/authService.ts(74,24): error TS2339: Property 'photoUrl' does not exist on type '{ company: { email: string; name: string; id: number; createdAt: Date; updatedAt: Date; rfc: string; legalName: string; address: string; phone: string | null; status: CompanyStatus; ... 6 more ...; certificatePassword: string | null; } | null; employee: { ...; } | null; } & { ...; }'.

    at createTSError (/app/node_modules/ts-node/src/index.ts:859:12)
    at reportTSError (/app/node_modules/ts-node/src/index.ts:863:19)
    at getOutput (/app/node_modules/ts-node/src/index.ts:1077:36)
    at Object.compile (/app/node_modules/ts-node/src/index.ts:1433:41)
    at Module.m._compile (/app/node_modules/ts-node/src/index.ts:1617:30)
    at Module._extensions..js (node:internal/modules/cjs/loader:1422:10)
    at Object.require.extensions.<computed> [as .ts] (/app/node_modules/ts-node/src/index.ts:1621:12)
    at Module.load (node:internal/modules/cjs/loader:1203:32)
    at Function.Module._load (node:internal/modules/cjs/loader:1019:12)
    at Module.require (node:internal/modules/cjs/loader:1231:19)
2025-07-07 16:42:02 [[31MERROR[39M]: uncaughtException: â¨¯ Unable to compile TypeScript:
src/services/authService.ts(71,25): error TS2339: Property 'firstName' does not exist on type '{ company: { email: string; name: string; id: number; createdAt: Date; updatedAt: Date; rfc: string; legalName: string; address: string; phone: string | null; status: CompanyStatus; ... 6 more ...; certificatePassword: string | null; } | null; employee: { ...; } | null; } & { ...; }'.
src/services/authService.ts(72,24): error TS2339: Property 'lastName' does not exist on type '{ company: { email: string; name: string; id: number; createdAt: Date; updatedAt: Date; rfc: string; legalName: string; address: string; phone: string | null; status: CompanyStatus; ... 6 more ...; certificatePassword: string | null; } | null; employee: { ...; } | null; } & { ...; }'.
src/services/authService.ts(73,21): error TS2339: Property 'phone' does not exist on type '{ company: { email: string; name: string; id: number; createdAt: Date; updatedAt: Date; rfc: string; legalName: string; address: string; phone: string | null; status: CompanyStatus; ... 6 more ...; certificatePassword: string | null; } | null; employee: { ...; } | null; } & { ...; }'.
src/services/authService.ts(74,24): error TS2339: Property 'photoUrl' does not exist on type '{ company: { email: string; name: string; id: number; createdAt: Date; updatedAt: Date; rfc: string; legalName: string; address: string; phone: string | null; status: CompanyStatus; ... 6 more ...; certificatePassword: string | null; } | null; employee: { ...; } | null; } & { ...; }'.

TSError: â¨¯ Unable to compile TypeScript:
src/services/authService.ts(71,25): error TS2339: Property 'firstName' does not exist on type '{ company: { email: string; name: string; id: number; createdAt: Date; updatedAt: Date; rfc: string; legalName: string; address: string; phone: string | null; status: CompanyStatus; ... 6 more ...; certificatePassword: string | null; } | null; employee: { ...; } | null; } & { ...; }'.
src/services/authService.ts(72,24): error TS2339: Property 'lastName' does not exist on type '{ company: { email: string; name: string; id: number; createdAt: Date; updatedAt: Date; rfc: string; legalName: string; address: string; phone: string | null; status: CompanyStatus; ... 6 more ...; certificatePassword: string | null; } | null; employee: { ...; } | null; } & { ...; }'.
src/services/authService.ts(73,21): error TS2339: Property 'phone' does not exist on type '{ company: { email: string; name: string; id: number; createdAt: Date; updatedAt: Date; rfc: string; legalName: string; address: string; phone: string | null; status: CompanyStatus; ... 6 more ...; certificatePassword: string | null; } | null; employee: { ...; } | null; } & { ...; }'.
src/services/authService.ts(74,24): error TS2339: Property 'photoUrl' does not exist on type '{ company: { email: string; name: string; id: number; createdAt: Date; updatedAt: Date; rfc: string; legalName: string; address: string; phone: string | null; status: CompanyStatus; ... 6 more ...; certificatePassword: string | null; } | null; employee: { ...; } | null; } & { ...; }'.

    at createTSError (/app/node_modules/ts-node/src/index.ts:859:12)
    at reportTSError (/app/node_modules/ts-node/src/index.ts:863:19)
    at getOutput (/app/node_modules/ts-node/src/index.ts:1077:36)
    at Object.compile (/app/node_modules/ts-node/src/index.ts:1433:41)
    at Module.m._compile (/app/node_modules/ts-node/src/index.ts:1617:30)
    at Module._extensions..js (node:internal/modules/cjs/loader:1422:10)
    at Object.require.extensions.<computed> [as .ts] (/app/node_modules/ts-node/src/index.ts:1621:12)
    at Module.load (node:internal/modules/cjs/loader:1203:32)
    at Function.Module._load (node:internal/modules/cjs/loader:1019:12)
    at Module.require (node:internal/modules/cjs/loader:1231:19)
TSError: â¨¯ Unable to compile TypeScript:
src/services/authService.ts(71,25): error TS2339: Property 'firstName' does not exist on type '{ company: { email: string; name: string; id: number; createdAt: Date; updatedAt: Date; rfc: string; legalName: string; address: string; phone: string | null; status: CompanyStatus; ... 6 more ...; certificatePassword: string | null; } | null; employee: { ...; } | null; } & { ...; }'.
src/services/authService.ts(72,24): error TS2339: Property 'lastName' does not exist on type '{ company: { email: string; name: string; id: number; createdAt: Date; updatedAt: Date; rfc: string; legalName: string; address: string; phone: string | null; status: CompanyStatus; ... 6 more ...; certificatePassword: string | null; } | null; employee: { ...; } | null; } & { ...; }'.
src/services/authService.ts(73,21): error TS2339: Property 'phone' does not exist on type '{ company: { email: string; name: string; id: number; createdAt: Date; updatedAt: Date; rfc: string; legalName: string; address: string; phone: string | null; status: CompanyStatus; ... 6 more ...; certificatePassword: string | null; } | null; employee: { ...; } | null; } & { ...; }'.
src/services/authService.ts(74,24): error TS2339: Property 'photoUrl' does not exist on type '{ company: { email: string; name: string; id: number; createdAt: Date; updatedAt: Date; rfc: string; legalName: string; address: string; phone: string | null; status: CompanyStatus; ... 6 more ...; certificatePassword: string | null; } | null; employee: { ...; } | null; } & { ...; }'.

    at createTSError (/app/node_modules/ts-node/src/index.ts:859:12)
    at reportTSError (/app/node_modules/ts-node/src/index.ts:863:19)
    at getOutput (/app/node_modules/ts-node/src/index.ts:1077:36)
    at Object.compile (/app/node_modules/ts-node/src/index.ts:1433:41)
    at Module.m._compile (/app/node_modules/ts-node/src/index.ts:1617:30)
    at Module._extensions..js (node:internal/modules/cjs/loader:1422:10)
    at Object.require.extensions.<computed> [as .ts] (/app/node_modules/ts-node/src/index.ts:1621:12)
    at Module.load (node:internal/modules/cjs/loader:1203:32)
    at Function.Module._load (node:internal/modules/cjs/loader:1019:12)
    at Module.require (node:internal/modules/cjs/loader:1231:19)
2025-07-07 17:10:40 [[31MERROR[39M]: uncaughtException: â¨¯ Unable to compile TypeScript:
src/services/authService.ts(71,25): error TS2339: Property 'firstName' does not exist on type '{ company: { email: string; name: string; id: number; createdAt: Date; updatedAt: Date; rfc: string; legalName: string; address: string; phone: string | null; status: CompanyStatus; ... 6 more ...; certificatePassword: string | null; } | null; employee: { ...; } | null; } & { ...; }'.
src/services/authService.ts(72,24): error TS2339: Property 'lastName' does not exist on type '{ company: { email: string; name: string; id: number; createdAt: Date; updatedAt: Date; rfc: string; legalName: string; address: string; phone: string | null; status: CompanyStatus; ... 6 more ...; certificatePassword: string | null; } | null; employee: { ...; } | null; } & { ...; }'.
src/services/authService.ts(73,21): error TS2339: Property 'phone' does not exist on type '{ company: { email: string; name: string; id: number; createdAt: Date; updatedAt: Date; rfc: string; legalName: string; address: string; phone: string | null; status: CompanyStatus; ... 6 more ...; certificatePassword: string | null; } | null; employee: { ...; } | null; } & { ...; }'.
src/services/authService.ts(74,24): error TS2339: Property 'photoUrl' does not exist on type '{ company: { email: string; name: string; id: number; createdAt: Date; updatedAt: Date; rfc: string; legalName: string; address: string; phone: string | null; status: CompanyStatus; ... 6 more ...; certificatePassword: string | null; } | null; employee: { ...; } | null; } & { ...; }'.

TSError: â¨¯ Unable to compile TypeScript:
src/services/authService.ts(71,25): error TS2339: Property 'firstName' does not exist on type '{ company: { email: string; name: string; id: number; createdAt: Date; updatedAt: Date; rfc: string; legalName: string; address: string; phone: string | null; status: CompanyStatus; ... 6 more ...; certificatePassword: string | null; } | null; employee: { ...; } | null; } & { ...; }'.
src/services/authService.ts(72,24): error TS2339: Property 'lastName' does not exist on type '{ company: { email: string; name: string; id: number; createdAt: Date; updatedAt: Date; rfc: string; legalName: string; address: string; phone: string | null; status: CompanyStatus; ... 6 more ...; certificatePassword: string | null; } | null; employee: { ...; } | null; } & { ...; }'.
src/services/authService.ts(73,21): error TS2339: Property 'phone' does not exist on type '{ company: { email: string; name: string; id: number; createdAt: Date; updatedAt: Date; rfc: string; legalName: string; address: string; phone: string | null; status: CompanyStatus; ... 6 more ...; certificatePassword: string | null; } | null; employee: { ...; } | null; } & { ...; }'.
src/services/authService.ts(74,24): error TS2339: Property 'photoUrl' does not exist on type '{ company: { email: string; name: string; id: number; createdAt: Date; updatedAt: Date; rfc: string; legalName: string; address: string; phone: string | null; status: CompanyStatus; ... 6 more ...; certificatePassword: string | null; } | null; employee: { ...; } | null; } & { ...; }'.

    at createTSError (/app/node_modules/ts-node/src/index.ts:859:12)
    at reportTSError (/app/node_modules/ts-node/src/index.ts:863:19)
    at getOutput (/app/node_modules/ts-node/src/index.ts:1077:36)
    at Object.compile (/app/node_modules/ts-node/src/index.ts:1433:41)
    at Module.m._compile (/app/node_modules/ts-node/src/index.ts:1617:30)
    at Module._extensions..js (node:internal/modules/cjs/loader:1422:10)
    at Object.require.extensions.<computed> [as .ts] (/app/node_modules/ts-node/src/index.ts:1621:12)
    at Module.load (node:internal/modules/cjs/loader:1203:32)
    at Function.Module._load (node:internal/modules/cjs/loader:1019:12)
    at Module.require (node:internal/modules/cjs/loader:1231:19)
TSError: â¨¯ Unable to compile TypeScript:
src/services/authService.ts(71,25): error TS2339: Property 'firstName' does not exist on type '{ company: { email: string; name: string; id: number; createdAt: Date; updatedAt: Date; rfc: string; legalName: string; address: string; phone: string | null; status: CompanyStatus; ... 6 more ...; certificatePassword: string | null; } | null; employee: { ...; } | null; } & { ...; }'.
src/services/authService.ts(72,24): error TS2339: Property 'lastName' does not exist on type '{ company: { email: string; name: string; id: number; createdAt: Date; updatedAt: Date; rfc: string; legalName: string; address: string; phone: string | null; status: CompanyStatus; ... 6 more ...; certificatePassword: string | null; } | null; employee: { ...; } | null; } & { ...; }'.
src/services/authService.ts(73,21): error TS2339: Property 'phone' does not exist on type '{ company: { email: string; name: string; id: number; createdAt: Date; updatedAt: Date; rfc: string; legalName: string; address: string; phone: string | null; status: CompanyStatus; ... 6 more ...; certificatePassword: string | null; } | null; employee: { ...; } | null; } & { ...; }'.
src/services/authService.ts(74,24): error TS2339: Property 'photoUrl' does not exist on type '{ company: { email: string; name: string; id: number; createdAt: Date; updatedAt: Date; rfc: string; legalName: string; address: string; phone: string | null; status: CompanyStatus; ... 6 more ...; certificatePassword: string | null; } | null; employee: { ...; } | null; } & { ...; }'.

    at createTSError (/app/node_modules/ts-node/src/index.ts:859:12)
    at reportTSError (/app/node_modules/ts-node/src/index.ts:863:19)
    at getOutput (/app/node_modules/ts-node/src/index.ts:1077:36)
    at Object.compile (/app/node_modules/ts-node/src/index.ts:1433:41)
    at Module.m._compile (/app/node_modules/ts-node/src/index.ts:1617:30)
    at Module._extensions..js (node:internal/modules/cjs/loader:1422:10)
    at Object.require.extensions.<computed> [as .ts] (/app/node_modules/ts-node/src/index.ts:1621:12)
    at Module.load (node:internal/modules/cjs/loader:1203:32)
    at Function.Module._load (node:internal/modules/cjs/loader:1019:12)
    at Module.require (node:internal/modules/cjs/loader:1231:19)
2025-07-07 18:02:09 [[31MERROR[39M]: uncaughtException: â¨¯ Unable to compile TypeScript:
src/services/authService.ts(71,25): error TS2339: Property 'firstName' does not exist on type '{ company: { email: string; name: string; id: number; createdAt: Date; updatedAt: Date; rfc: string; legalName: string; address: string; phone: string | null; status: CompanyStatus; ... 6 more ...; certificatePassword: string | null; } | null; employee: { ...; } | null; } & { ...; }'.
src/services/authService.ts(72,24): error TS2339: Property 'lastName' does not exist on type '{ company: { email: string; name: string; id: number; createdAt: Date; updatedAt: Date; rfc: string; legalName: string; address: string; phone: string | null; status: CompanyStatus; ... 6 more ...; certificatePassword: string | null; } | null; employee: { ...; } | null; } & { ...; }'.
src/services/authService.ts(73,21): error TS2339: Property 'phone' does not exist on type '{ company: { email: string; name: string; id: number; createdAt: Date; updatedAt: Date; rfc: string; legalName: string; address: string; phone: string | null; status: CompanyStatus; ... 6 more ...; certificatePassword: string | null; } | null; employee: { ...; } | null; } & { ...; }'.
src/services/authService.ts(74,24): error TS2339: Property 'photoUrl' does not exist on type '{ company: { email: string; name: string; id: number; createdAt: Date; updatedAt: Date; rfc: string; legalName: string; address: string; phone: string | null; status: CompanyStatus; ... 6 more ...; certificatePassword: string | null; } | null; employee: { ...; } | null; } & { ...; }'.

TSError: â¨¯ Unable to compile TypeScript:
src/services/authService.ts(71,25): error TS2339: Property 'firstName' does not exist on type '{ company: { email: string; name: string; id: number; createdAt: Date; updatedAt: Date; rfc: string; legalName: string; address: string; phone: string | null; status: CompanyStatus; ... 6 more ...; certificatePassword: string | null; } | null; employee: { ...; } | null; } & { ...; }'.
src/services/authService.ts(72,24): error TS2339: Property 'lastName' does not exist on type '{ company: { email: string; name: string; id: number; createdAt: Date; updatedAt: Date; rfc: string; legalName: string; address: string; phone: string | null; status: CompanyStatus; ... 6 more ...; certificatePassword: string | null; } | null; employee: { ...; } | null; } & { ...; }'.
src/services/authService.ts(73,21): error TS2339: Property 'phone' does not exist on type '{ company: { email: string; name: string; id: number; createdAt: Date; updatedAt: Date; rfc: string; legalName: string; address: string; phone: string | null; status: CompanyStatus; ... 6 more ...; certificatePassword: string | null; } | null; employee: { ...; } | null; } & { ...; }'.
src/services/authService.ts(74,24): error TS2339: Property 'photoUrl' does not exist on type '{ company: { email: string; name: string; id: number; createdAt: Date; updatedAt: Date; rfc: string; legalName: string; address: string; phone: string | null; status: CompanyStatus; ... 6 more ...; certificatePassword: string | null; } | null; employee: { ...; } | null; } & { ...; }'.

    at createTSError (/app/node_modules/ts-node/src/index.ts:859:12)
    at reportTSError (/app/node_modules/ts-node/src/index.ts:863:19)
    at getOutput (/app/node_modules/ts-node/src/index.ts:1077:36)
    at Object.compile (/app/node_modules/ts-node/src/index.ts:1433:41)
    at Module.m._compile (/app/node_modules/ts-node/src/index.ts:1617:30)
    at Module._extensions..js (node:internal/modules/cjs/loader:1422:10)
    at Object.require.extensions.<computed> [as .ts] (/app/node_modules/ts-node/src/index.ts:1621:12)
    at Module.load (node:internal/modules/cjs/loader:1203:32)
    at Function.Module._load (node:internal/modules/cjs/loader:1019:12)
    at Module.require (node:internal/modules/cjs/loader:1231:19)
TSError: â¨¯ Unable to compile TypeScript:
src/services/authService.ts(71,25): error TS2339: Property 'firstName' does not exist on type '{ company: { email: string; name: string; id: number; createdAt: Date; updatedAt: Date; rfc: string; legalName: string; address: string; phone: string | null; status: CompanyStatus; ... 6 more ...; certificatePassword: string | null; } | null; employee: { ...; } | null; } & { ...; }'.
src/services/authService.ts(72,24): error TS2339: Property 'lastName' does not exist on type '{ company: { email: string; name: string; id: number; createdAt: Date; updatedAt: Date; rfc: string; legalName: string; address: string; phone: string | null; status: CompanyStatus; ... 6 more ...; certificatePassword: string | null; } | null; employee: { ...; } | null; } & { ...; }'.
src/services/authService.ts(73,21): error TS2339: Property 'phone' does not exist on type '{ company: { email: string; name: string; id: number; createdAt: Date; updatedAt: Date; rfc: string; legalName: string; address: string; phone: string | null; status: CompanyStatus; ... 6 more ...; certificatePassword: string | null; } | null; employee: { ...; } | null; } & { ...; }'.
src/services/authService.ts(74,24): error TS2339: Property 'photoUrl' does not exist on type '{ company: { email: string; name: string; id: number; createdAt: Date; updatedAt: Date; rfc: string; legalName: string; address: string; phone: string | null; status: CompanyStatus; ... 6 more ...; certificatePassword: string | null; } | null; employee: { ...; } | null; } & { ...; }'.

    at createTSError (/app/node_modules/ts-node/src/index.ts:859:12)
    at reportTSError (/app/node_modules/ts-node/src/index.ts:863:19)
    at getOutput (/app/node_modules/ts-node/src/index.ts:1077:36)
    at Object.compile (/app/node_modules/ts-node/src/index.ts:1433:41)
    at Module.m._compile (/app/node_modules/ts-node/src/index.ts:1617:30)
    at Module._extensions..js (node:internal/modules/cjs/loader:1422:10)
    at Object.require.extensions.<computed> [as .ts] (/app/node_modules/ts-node/src/index.ts:1621:12)
    at Module.load (node:internal/modules/cjs/loader:1203:32)
    at Function.Module._load (node:internal/modules/cjs/loader:1019:12)
    at Module.require (node:internal/modules/cjs/loader:1231:19)
2025-07-07 18:03:31 [[31MERROR[39M]: uncaughtException: â¨¯ Unable to compile TypeScript:
src/services/authService.ts(3,10): error TS2305: Module '"@prisma/client"' has no exported member 'PrismaClient'.

TSError: â¨¯ Unable to compile TypeScript:
src/services/authService.ts(3,10): error TS2305: Module '"@prisma/client"' has no exported member 'PrismaClient'.

    at createTSError (/app/node_modules/ts-node/src/index.ts:859:12)
    at reportTSError (/app/node_modules/ts-node/src/index.ts:863:19)
    at getOutput (/app/node_modules/ts-node/src/index.ts:1077:36)
    at Object.compile (/app/node_modules/ts-node/src/index.ts:1433:41)
    at Module.m._compile (/app/node_modules/ts-node/src/index.ts:1617:30)
    at Module._extensions..js (node:internal/modules/cjs/loader:1422:10)
    at Object.require.extensions.<computed> [as .ts] (/app/node_modules/ts-node/src/index.ts:1621:12)
    at Module.load (node:internal/modules/cjs/loader:1203:32)
    at Function.Module._load (node:internal/modules/cjs/loader:1019:12)
    at Module.require (node:internal/modules/cjs/loader:1231:19)
TSError: â¨¯ Unable to compile TypeScript:
src/services/authService.ts(3,10): error TS2305: Module '"@prisma/client"' has no exported member 'PrismaClient'.

    at createTSError (/app/node_modules/ts-node/src/index.ts:859:12)
    at reportTSError (/app/node_modules/ts-node/src/index.ts:863:19)
    at getOutput (/app/node_modules/ts-node/src/index.ts:1077:36)
    at Object.compile (/app/node_modules/ts-node/src/index.ts:1433:41)
    at Module.m._compile (/app/node_modules/ts-node/src/index.ts:1617:30)
    at Module._extensions..js (node:internal/modules/cjs/loader:1422:10)
    at Object.require.extensions.<computed> [as .ts] (/app/node_modules/ts-node/src/index.ts:1621:12)
    at Module.load (node:internal/modules/cjs/loader:1203:32)
    at Function.Module._load (node:internal/modules/cjs/loader:1019:12)
    at Module.require (node:internal/modules/cjs/loader:1231:19)
2025-07-07 20:10:12 [[31MERROR[39M]: uncaughtException: â¨¯ Unable to compile TypeScript:
src/controllers/companyWizardController.ts(254,25): error TS7053: Element implicitly has an 'any' type because expression of type '"Ã¡reas"' can't be used to index type 'string | number | boolean | JsonObject | JsonArray'.
  Property 'Ã¡reas' does not exist on type 'string | number | boolean | JsonObject | JsonArray'.
src/controllers/companyWizardController.ts(254,59): error TS7053: Element implicitly has an 'any' type because expression of type '"areas"' can't be used to index type 'string | number | boolean | JsonObject | JsonArray'.
  Property 'areas' does not exist on type 'string | number | boolean | JsonObject | JsonArray'.
src/controllers/companyWizardController.ts(255,31): error TS7053: Element implicitly has an 'any' type because expression of type '"departamentos"' can't be used to index type 'string | number | boolean | JsonObject | JsonArray'.
  Property 'departamentos' does not exist on type 'string | number | boolean | JsonObject | JsonArray'.
src/controllers/companyWizardController.ts(255,79): error TS7053: Element implicitly has an 'any' type because expression of type '"departments"' can't be used to index type 'string | number | boolean | JsonObject | JsonArray'.
  Property 'departments' does not exist on type 'string | number | boolean | JsonObject | JsonArray'.
src/controllers/companyWizardController.ts(256,29): error TS7053: Element implicitly has an 'any' type because expression of type '"puestos"' can't be used to index type 'string | number | boolean | JsonObject | JsonArray'.
  Property 'puestos' does not exist on type 'string | number | boolean | JsonObject | JsonArray'.
src/controllers/companyWizardController.ts(256,69): error TS7053: Element implicitly has an 'any' type because expression of type '"positions"' can't be used to index type 'string | number | boolean | JsonObject | JsonArray'.
  Property 'positions' does not exist on type 'string | number | boolean | JsonObject | JsonArray'.

TSError: â¨¯ Unable to compile TypeScript:
src/controllers/companyWizardController.ts(254,25): error TS7053: Element implicitly has an 'any' type because expression of type '"Ã¡reas"' can't be used to index type 'string | number | boolean | JsonObject | JsonArray'.
  Property 'Ã¡reas' does not exist on type 'string | number | boolean | JsonObject | JsonArray'.
src/controllers/companyWizardController.ts(254,59): error TS7053: Element implicitly has an 'any' type because expression of type '"areas"' can't be used to index type 'string | number | boolean | JsonObject | JsonArray'.
  Property 'areas' does not exist on type 'string | number | boolean | JsonObject | JsonArray'.
src/controllers/companyWizardController.ts(255,31): error TS7053: Element implicitly has an 'any' type because expression of type '"departamentos"' can't be used to index type 'string | number | boolean | JsonObject | JsonArray'.
  Property 'departamentos' does not exist on type 'string | number | boolean | JsonObject | JsonArray'.
src/controllers/companyWizardController.ts(255,79): error TS7053: Element implicitly has an 'any' type because expression of type '"departments"' can't be used to index type 'string | number | boolean | JsonObject | JsonArray'.
  Property 'departments' does not exist on type 'string | number | boolean | JsonObject | JsonArray'.
src/controllers/companyWizardController.ts(256,29): error TS7053: Element implicitly has an 'any' type because expression of type '"puestos"' can't be used to index type 'string | number | boolean | JsonObject | JsonArray'.
  Property 'puestos' does not exist on type 'string | number | boolean | JsonObject | JsonArray'.
src/controllers/companyWizardController.ts(256,69): error TS7053: Element implicitly has an 'any' type because expression of type '"positions"' can't be used to index type 'string | number | boolean | JsonObject | JsonArray'.
  Property 'positions' does not exist on type 'string | number | boolean | JsonObject | JsonArray'.

    at createTSError (/app/node_modules/ts-node/src/index.ts:859:12)
    at reportTSError (/app/node_modules/ts-node/src/index.ts:863:19)
    at getOutput (/app/node_modules/ts-node/src/index.ts:1077:36)
    at Object.compile (/app/node_modules/ts-node/src/index.ts:1433:41)
    at Module.m._compile (/app/node_modules/ts-node/src/index.ts:1617:30)
    at Module._extensions..js (node:internal/modules/cjs/loader:1422:10)
    at Object.require.extensions.<computed> [as .ts] (/app/node_modules/ts-node/src/index.ts:1621:12)
    at Module.load (node:internal/modules/cjs/loader:1203:32)
    at Function.Module._load (node:internal/modules/cjs/loader:1019:12)
    at Module.require (node:internal/modules/cjs/loader:1231:19)
TSError: â¨¯ Unable to compile TypeScript:
src/controllers/companyWizardController.ts(254,25): error TS7053: Element implicitly has an 'any' type because expression of type '"Ã¡reas"' can't be used to index type 'string | number | boolean | JsonObject | JsonArray'.
  Property 'Ã¡reas' does not exist on type 'string | number | boolean | JsonObject | JsonArray'.
src/controllers/companyWizardController.ts(254,59): error TS7053: Element implicitly has an 'any' type because expression of type '"areas"' can't be used to index type 'string | number | boolean | JsonObject | JsonArray'.
  Property 'areas' does not exist on type 'string | number | boolean | JsonObject | JsonArray'.
src/controllers/companyWizardController.ts(255,31): error TS7053: Element implicitly has an 'any' type because expression of type '"departamentos"' can't be used to index type 'string | number | boolean | JsonObject | JsonArray'.
  Property 'departamentos' does not exist on type 'string | number | boolean | JsonObject | JsonArray'.
src/controllers/companyWizardController.ts(255,79): error TS7053: Element implicitly has an 'any' type because expression of type '"departments"' can't be used to index type 'string | number | boolean | JsonObject | JsonArray'.
  Property 'departments' does not exist on type 'string | number | boolean | JsonObject | JsonArray'.
src/controllers/companyWizardController.ts(256,29): error TS7053: Element implicitly has an 'any' type because expression of type '"puestos"' can't be used to index type 'string | number | boolean | JsonObject | JsonArray'.
  Property 'puestos' does not exist on type 'string | number | boolean | JsonObject | JsonArray'.
src/controllers/companyWizardController.ts(256,69): error TS7053: Element implicitly has an 'any' type because expression of type '"positions"' can't be used to index type 'string | number | boolean | JsonObject | JsonArray'.
  Property 'positions' does not exist on type 'string | number | boolean | JsonObject | JsonArray'.

    at createTSError (/app/node_modules/ts-node/src/index.ts:859:12)
    at reportTSError (/app/node_modules/ts-node/src/index.ts:863:19)
    at getOutput (/app/node_modules/ts-node/src/index.ts:1077:36)
    at Object.compile (/app/node_modules/ts-node/src/index.ts:1433:41)
    at Module.m._compile (/app/node_modules/ts-node/src/index.ts:1617:30)
    at Module._extensions..js (node:internal/modules/cjs/loader:1422:10)
    at Object.require.extensions.<computed> [as .ts] (/app/node_modules/ts-node/src/index.ts:1621:12)
    at Module.load (node:internal/modules/cjs/loader:1203:32)
    at Function.Module._load (node:internal/modules/cjs/loader:1019:12)
    at Module.require (node:internal/modules/cjs/loader:1231:19)
2025-07-07 20:10:48 [[31MERROR[39M]: uncaughtException: â¨¯ Unable to compile TypeScript:
src/controllers/companyWizardController.ts(254,25): error TS7053: Element implicitly has an 'any' type because expression of type '"Ã¡reas"' can't be used to index type 'string | number | boolean | JsonObject | JsonArray'.
  Property 'Ã¡reas' does not exist on type 'string | number | boolean | JsonObject | JsonArray'.
src/controllers/companyWizardController.ts(254,59): error TS7053: Element implicitly has an 'any' type because expression of type '"areas"' can't be used to index type 'string | number | boolean | JsonObject | JsonArray'.
  Property 'areas' does not exist on type 'string | number | boolean | JsonObject | JsonArray'.
src/controllers/companyWizardController.ts(255,31): error TS7053: Element implicitly has an 'any' type because expression of type '"departamentos"' can't be used to index type 'string | number | boolean | JsonObject | JsonArray'.
  Property 'departamentos' does not exist on type 'string | number | boolean | JsonObject | JsonArray'.
src/controllers/companyWizardController.ts(255,79): error TS7053: Element implicitly has an 'any' type because expression of type '"departments"' can't be used to index type 'string | number | boolean | JsonObject | JsonArray'.
  Property 'departments' does not exist on type 'string | number | boolean | JsonObject | JsonArray'.
src/controllers/companyWizardController.ts(256,29): error TS7053: Element implicitly has an 'any' type because expression of type '"puestos"' can't be used to index type 'string | number | boolean | JsonObject | JsonArray'.
  Property 'puestos' does not exist on type 'string | number | boolean | JsonObject | JsonArray'.
src/controllers/companyWizardController.ts(256,69): error TS7053: Element implicitly has an 'any' type because expression of type '"positions"' can't be used to index type 'string | number | boolean | JsonObject | JsonArray'.
  Property 'positions' does not exist on type 'string | number | boolean | JsonObject | JsonArray'.

TSError: â¨¯ Unable to compile TypeScript:
src/controllers/companyWizardController.ts(254,25): error TS7053: Element implicitly has an 'any' type because expression of type '"Ã¡reas"' can't be used to index type 'string | number | boolean | JsonObject | JsonArray'.
  Property 'Ã¡reas' does not exist on type 'string | number | boolean | JsonObject | JsonArray'.
src/controllers/companyWizardController.ts(254,59): error TS7053: Element implicitly has an 'any' type because expression of type '"areas"' can't be used to index type 'string | number | boolean | JsonObject | JsonArray'.
  Property 'areas' does not exist on type 'string | number | boolean | JsonObject | JsonArray'.
src/controllers/companyWizardController.ts(255,31): error TS7053: Element implicitly has an 'any' type because expression of type '"departamentos"' can't be used to index type 'string | number | boolean | JsonObject | JsonArray'.
  Property 'departamentos' does not exist on type 'string | number | boolean | JsonObject | JsonArray'.
src/controllers/companyWizardController.ts(255,79): error TS7053: Element implicitly has an 'any' type because expression of type '"departments"' can't be used to index type 'string | number | boolean | JsonObject | JsonArray'.
  Property 'departments' does not exist on type 'string | number | boolean | JsonObject | JsonArray'.
src/controllers/companyWizardController.ts(256,29): error TS7053: Element implicitly has an 'any' type because expression of type '"puestos"' can't be used to index type 'string | number | boolean | JsonObject | JsonArray'.
  Property 'puestos' does not exist on type 'string | number | boolean | JsonObject | JsonArray'.
src/controllers/companyWizardController.ts(256,69): error TS7053: Element implicitly has an 'any' type because expression of type '"positions"' can't be used to index type 'string | number | boolean | JsonObject | JsonArray'.
  Property 'positions' does not exist on type 'string | number | boolean | JsonObject | JsonArray'.

    at createTSError (/app/node_modules/ts-node/src/index.ts:859:12)
    at reportTSError (/app/node_modules/ts-node/src/index.ts:863:19)
    at getOutput (/app/node_modules/ts-node/src/index.ts:1077:36)
    at Object.compile (/app/node_modules/ts-node/src/index.ts:1433:41)
    at Module.m._compile (/app/node_modules/ts-node/src/index.ts:1617:30)
    at Module._extensions..js (node:internal/modules/cjs/loader:1422:10)
    at Object.require.extensions.<computed> [as .ts] (/app/node_modules/ts-node/src/index.ts:1621:12)
    at Module.load (node:internal/modules/cjs/loader:1203:32)
    at Function.Module._load (node:internal/modules/cjs/loader:1019:12)
    at Module.require (node:internal/modules/cjs/loader:1231:19)
TSError: â¨¯ Unable to compile TypeScript:
src/controllers/companyWizardController.ts(254,25): error TS7053: Element implicitly has an 'any' type because expression of type '"Ã¡reas"' can't be used to index type 'string | number | boolean | JsonObject | JsonArray'.
  Property 'Ã¡reas' does not exist on type 'string | number | boolean | JsonObject | JsonArray'.
src/controllers/companyWizardController.ts(254,59): error TS7053: Element implicitly has an 'any' type because expression of type '"areas"' can't be used to index type 'string | number | boolean | JsonObject | JsonArray'.
  Property 'areas' does not exist on type 'string | number | boolean | JsonObject | JsonArray'.
src/controllers/companyWizardController.ts(255,31): error TS7053: Element implicitly has an 'any' type because expression of type '"departamentos"' can't be used to index type 'string | number | boolean | JsonObject | JsonArray'.
  Property 'departamentos' does not exist on type 'string | number | boolean | JsonObject | JsonArray'.
src/controllers/companyWizardController.ts(255,79): error TS7053: Element implicitly has an 'any' type because expression of type '"departments"' can't be used to index type 'string | number | boolean | JsonObject | JsonArray'.
  Property 'departments' does not exist on type 'string | number | boolean | JsonObject | JsonArray'.
src/controllers/companyWizardController.ts(256,29): error TS7053: Element implicitly has an 'any' type because expression of type '"puestos"' can't be used to index type 'string | number | boolean | JsonObject | JsonArray'.
  Property 'puestos' does not exist on type 'string | number | boolean | JsonObject | JsonArray'.
src/controllers/companyWizardController.ts(256,69): error TS7053: Element implicitly has an 'any' type because expression of type '"positions"' can't be used to index type 'string | number | boolean | JsonObject | JsonArray'.
  Property 'positions' does not exist on type 'string | number | boolean | JsonObject | JsonArray'.

    at createTSError (/app/node_modules/ts-node/src/index.ts:859:12)
    at reportTSError (/app/node_modules/ts-node/src/index.ts:863:19)
    at getOutput (/app/node_modules/ts-node/src/index.ts:1077:36)
    at Object.compile (/app/node_modules/ts-node/src/index.ts:1433:41)
    at Module.m._compile (/app/node_modules/ts-node/src/index.ts:1617:30)
    at Module._extensions..js (node:internal/modules/cjs/loader:1422:10)
    at Object.require.extensions.<computed> [as .ts] (/app/node_modules/ts-node/src/index.ts:1621:12)
    at Module.load (node:internal/modules/cjs/loader:1203:32)
    at Function.Module._load (node:internal/modules/cjs/loader:1019:12)
    at Module.require (node:internal/modules/cjs/loader:1231:19)
2025-07-07 15:14:19 [ERROR]: uncaughtException: listen EADDRINUSE: address already in use :::3001
Error: listen EADDRINUSE: address already in use :::3001
    at Server.setupListenHandle [as _listen2] (node:net:1912:16)
    at listenInCluster (node:net:1969:12)
    at Server.listen (node:net:2074:7)
    at startServer (/Users/jorge.francisco/Desktop/pulse-mvp/mysourcing-pulse-backend/src/app.ts:224:12)
Error: listen EADDRINUSE: address already in use :::3001
    at Server.setupListenHandle [as _listen2] (node:net:1912:16)
    at listenInCluster (node:net:1969:12)
    at Server.listen (node:net:2074:7)
    at startServer (/Users/jorge.francisco/Desktop/pulse-mvp/mysourcing-pulse-backend/src/app.ts:224:12)
2025-07-07 15:15:46 [ERROR]: uncaughtException: listen EADDRINUSE: address already in use :::3001
Error: listen EADDRINUSE: address already in use :::3001
    at Server.setupListenHandle [as _listen2] (node:net:1912:16)
    at listenInCluster (node:net:1969:12)
    at Server.listen (node:net:2074:7)
    at startServer (/Users/jorge.francisco/Desktop/pulse-mvp/mysourcing-pulse-backend/src/app.ts:224:12)
Error: listen EADDRINUSE: address already in use :::3001
    at Server.setupListenHandle [as _listen2] (node:net:1912:16)
    at listenInCluster (node:net:1969:12)
    at Server.listen (node:net:2074:7)
    at startServer (/Users/jorge.francisco/Desktop/pulse-mvp/mysourcing-pulse-backend/src/app.ts:224:12)
2025-07-07 15:16:38 [ERROR]: uncaughtException: listen EADDRINUSE: address already in use :::3001
Error: listen EADDRINUSE: address already in use :::3001
    at Server.setupListenHandle [as _listen2] (node:net:1912:16)
    at listenInCluster (node:net:1969:12)
    at Server.listen (node:net:2074:7)
    at startServer (/Users/jorge.francisco/Desktop/pulse-mvp/mysourcing-pulse-backend/src/app.ts:224:12)
Error: listen EADDRINUSE: address already in use :::3001
    at Server.setupListenHandle [as _listen2] (node:net:1912:16)
    at listenInCluster (node:net:1969:12)
    at Server.listen (node:net:2074:7)
    at startServer (/Users/jorge.francisco/Desktop/pulse-mvp/mysourcing-pulse-backend/src/app.ts:224:12)
2025-07-07 20:17:54 [[31MERROR[39M]: uncaughtException: â¨¯ Unable to compile TypeScript:
src/routes/companies.ts(109,24): error TS2304: Cannot find name 'prisma'.

TSError: â¨¯ Unable to compile TypeScript:
src/routes/companies.ts(109,24): error TS2304: Cannot find name 'prisma'.

    at createTSError (/app/node_modules/ts-node/src/index.ts:859:12)
    at reportTSError (/app/node_modules/ts-node/src/index.ts:863:19)
    at getOutput (/app/node_modules/ts-node/src/index.ts:1077:36)
    at Object.compile (/app/node_modules/ts-node/src/index.ts:1433:41)
    at Module.m._compile (/app/node_modules/ts-node/src/index.ts:1617:30)
    at Module._extensions..js (node:internal/modules/cjs/loader:1422:10)
    at Object.require.extensions.<computed> [as .ts] (/app/node_modules/ts-node/src/index.ts:1621:12)
    at Module.load (node:internal/modules/cjs/loader:1203:32)
    at Function.Module._load (node:internal/modules/cjs/loader:1019:12)
    at Module.require (node:internal/modules/cjs/loader:1231:19)
TSError: â¨¯ Unable to compile TypeScript:
src/routes/companies.ts(109,24): error TS2304: Cannot find name 'prisma'.

    at createTSError (/app/node_modules/ts-node/src/index.ts:859:12)
    at reportTSError (/app/node_modules/ts-node/src/index.ts:863:19)
    at getOutput (/app/node_modules/ts-node/src/index.ts:1077:36)
    at Object.compile (/app/node_modules/ts-node/src/index.ts:1433:41)
    at Module.m._compile (/app/node_modules/ts-node/src/index.ts:1617:30)
    at Module._extensions..js (node:internal/modules/cjs/loader:1422:10)
    at Object.require.extensions.<computed> [as .ts] (/app/node_modules/ts-node/src/index.ts:1621:12)
    at Module.load (node:internal/modules/cjs/loader:1203:32)
    at Function.Module._load (node:internal/modules/cjs/loader:1019:12)
    at Module.require (node:internal/modules/cjs/loader:1231:19)
2025-07-07 20:18:21 [[31MERROR[39M]: uncaughtException: â¨¯ Unable to compile TypeScript:
src/routes/companies.ts(129,2): error TS1472: 'catch' or 'finally' expected.

TSError: â¨¯ Unable to compile TypeScript:
src/routes/companies.ts(129,2): error TS1472: 'catch' or 'finally' expected.

    at createTSError (/app/node_modules/ts-node/src/index.ts:859:12)
    at reportTSError (/app/node_modules/ts-node/src/index.ts:863:19)
    at getOutput (/app/node_modules/ts-node/src/index.ts:1077:36)
    at Object.compile (/app/node_modules/ts-node/src/index.ts:1433:41)
    at Module.m._compile (/app/node_modules/ts-node/src/index.ts:1617:30)
    at Module._extensions..js (node:internal/modules/cjs/loader:1422:10)
    at Object.require.extensions.<computed> [as .ts] (/app/node_modules/ts-node/src/index.ts:1621:12)
    at Module.load (node:internal/modules/cjs/loader:1203:32)
    at Function.Module._load (node:internal/modules/cjs/loader:1019:12)
    at Module.require (node:internal/modules/cjs/loader:1231:19)
TSError: â¨¯ Unable to compile TypeScript:
src/routes/companies.ts(129,2): error TS1472: 'catch' or 'finally' expected.

    at createTSError (/app/node_modules/ts-node/src/index.ts:859:12)
    at reportTSError (/app/node_modules/ts-node/src/index.ts:863:19)
    at getOutput (/app/node_modules/ts-node/src/index.ts:1077:36)
    at Object.compile (/app/node_modules/ts-node/src/index.ts:1433:41)
    at Module.m._compile (/app/node_modules/ts-node/src/index.ts:1617:30)
    at Module._extensions..js (node:internal/modules/cjs/loader:1422:10)
    at Object.require.extensions.<computed> [as .ts] (/app/node_modules/ts-node/src/index.ts:1621:12)
    at Module.load (node:internal/modules/cjs/loader:1203:32)
    at Function.Module._load (node:internal/modules/cjs/loader:1019:12)
    at Module.require (node:internal/modules/cjs/loader:1231:19)
2025-07-07 15:19:06 [ERROR]: uncaughtException: listen EADDRINUSE: address already in use :::3001
Error: listen EADDRINUSE: address already in use :::3001
    at Server.setupListenHandle [as _listen2] (node:net:1912:16)
    at listenInCluster (node:net:1969:12)
    at Server.listen (node:net:2074:7)
    at startServer (/Users/jorge.francisco/Desktop/pulse-mvp/mysourcing-pulse-backend/src/app.ts:224:12)
Error: listen EADDRINUSE: address already in use :::3001
    at Server.setupListenHandle [as _listen2] (node:net:1912:16)
    at listenInCluster (node:net:1969:12)
    at Server.listen (node:net:2074:7)
    at startServer (/Users/jorge.francisco/Desktop/pulse-mvp/mysourcing-pulse-backend/src/app.ts:224:12)
2025-07-07 15:20:23 [ERROR]: uncaughtException: listen EADDRINUSE: address already in use :::3001
Error: listen EADDRINUSE: address already in use :::3001
    at Server.setupListenHandle [as _listen2] (node:net:1912:16)
    at listenInCluster (node:net:1969:12)
    at Server.listen (node:net:2074:7)
    at startServer (/Users/jorge.francisco/Desktop/pulse-mvp/mysourcing-pulse-backend/src/app.ts:224:12)
Error: listen EADDRINUSE: address already in use :::3001
    at Server.setupListenHandle [as _listen2] (node:net:1912:16)
    at listenInCluster (node:net:1969:12)
    at Server.listen (node:net:2074:7)
    at startServer (/Users/jorge.francisco/Desktop/pulse-mvp/mysourcing-pulse-backend/src/app.ts:224:12)
2025-07-07 15:20:44 [[31MERROR[39M]: uncaughtException: listen EADDRINUSE: address already in use :::3001
Error: listen EADDRINUSE: address already in use :::3001
    at Server.setupListenHandle [as _listen2] (node:net:1912:16)
    at listenInCluster (node:net:1969:12)
    at Server.listen (node:net:2074:7)
    at startServer (/Users/jorge.francisco/Desktop/pulse-mvp/mysourcing-pulse-backend/src/app.ts:224:12)
Error: listen EADDRINUSE: address already in use :::3001
    at Server.setupListenHandle [as _listen2] (node:net:1912:16)
    at listenInCluster (node:net:1969:12)
    at Server.listen (node:net:2074:7)
    at startServer (/Users/jorge.francisco/Desktop/pulse-mvp/mysourcing-pulse-backend/src/app.ts:224:12)
2025-07-07 15:21:29 [ERROR]: uncaughtException: listen EADDRINUSE: address already in use :::3001
Error: listen EADDRINUSE: address already in use :::3001
    at Server.setupListenHandle [as _listen2] (node:net:1912:16)
    at listenInCluster (node:net:1969:12)
    at Server.listen (node:net:2074:7)
    at startServer (/Users/jorge.francisco/Desktop/pulse-mvp/mysourcing-pulse-backend/src/app.ts:226:12)
Error: listen EADDRINUSE: address already in use :::3001
    at Server.setupListenHandle [as _listen2] (node:net:1912:16)
    at listenInCluster (node:net:1969:12)
    at Server.listen (node:net:2074:7)
    at startServer (/Users/jorge.francisco/Desktop/pulse-mvp/mysourcing-pulse-backend/src/app.ts:226:12)
2025-07-07 15:37:01 [ERROR]: uncaughtException: listen EADDRINUSE: address already in use :::3001
Error: listen EADDRINUSE: address already in use :::3001
    at Server.setupListenHandle [as _listen2] (node:net:1912:16)
    at listenInCluster (node:net:1969:12)
    at Server.listen (node:net:2074:7)
    at startServer (/Users/jorge.francisco/Desktop/pulse-mvp/mysourcing-pulse-backend/src/app.ts:225:12)
Error: listen EADDRINUSE: address already in use :::3001
    at Server.setupListenHandle [as _listen2] (node:net:1912:16)
    at listenInCluster (node:net:1969:12)
    at Server.listen (node:net:2074:7)
    at startServer (/Users/jorge.francisco/Desktop/pulse-mvp/mysourcing-pulse-backend/src/app.ts:225:12)
2025-07-07 15:40:04 [ERROR]: uncaughtException: listen EADDRINUSE: address already in use :::3001
Error: listen EADDRINUSE: address already in use :::3001
    at Server.setupListenHandle [as _listen2] (node:net:1912:16)
    at listenInCluster (node:net:1969:12)
    at Server.listen (node:net:2074:7)
    at startServer (/Users/jorge.francisco/Desktop/pulse-mvp/mysourcing-pulse-backend/src/app.ts:225:12)
Error: listen EADDRINUSE: address already in use :::3001
    at Server.setupListenHandle [as _listen2] (node:net:1912:16)
    at listenInCluster (node:net:1969:12)
    at Server.listen (node:net:2074:7)
    at startServer (/Users/jorge.francisco/Desktop/pulse-mvp/mysourcing-pulse-backend/src/app.ts:225:12)
2025-07-07 15:40:32 [ERROR]: uncaughtException: listen EADDRINUSE: address already in use :::3001
Error: listen EADDRINUSE: address already in use :::3001
    at Server.setupListenHandle [as _listen2] (node:net:1912:16)
    at listenInCluster (node:net:1969:12)
    at Server.listen (node:net:2074:7)
    at startServer (/Users/jorge.francisco/Desktop/pulse-mvp/mysourcing-pulse-backend/src/app.ts:225:12)
Error: listen EADDRINUSE: address already in use :::3001
    at Server.setupListenHandle [as _listen2] (node:net:1912:16)
    at listenInCluster (node:net:1969:12)
    at Server.listen (node:net:2074:7)
    at startServer (/Users/jorge.francisco/Desktop/pulse-mvp/mysourcing-pulse-backend/src/app.ts:225:12)
2025-07-07 15:51:03 [ERROR]: uncaughtException: listen EADDRINUSE: address already in use :::3001
Error: listen EADDRINUSE: address already in use :::3001
    at Server.setupListenHandle [as _listen2] (node:net:1912:16)
    at listenInCluster (node:net:1969:12)
    at Server.listen (node:net:2074:7)
    at startServer (/Users/jorge.francisco/Desktop/pulse-mvp/mysourcing-pulse-backend/src/app.ts:225:12)
Error: listen EADDRINUSE: address already in use :::3001
    at Server.setupListenHandle [as _listen2] (node:net:1912:16)
    at listenInCluster (node:net:1969:12)
    at Server.listen (node:net:2074:7)
    at startServer (/Users/jorge.francisco/Desktop/pulse-mvp/mysourcing-pulse-backend/src/app.ts:225:12)
2025-07-07 16:02:02 [ERROR]: uncaughtException: listen EADDRINUSE: address already in use :::3001
Error: listen EADDRINUSE: address already in use :::3001
    at Server.setupListenHandle [as _listen2] (node:net:1912:16)
    at listenInCluster (node:net:1969:12)
    at Server.listen (node:net:2074:7)
    at startServer (/Users/jorge.francisco/Desktop/pulse-mvp/mysourcing-pulse-backend/src/app.ts:225:12)
Error: listen EADDRINUSE: address already in use :::3001
    at Server.setupListenHandle [as _listen2] (node:net:1912:16)
    at listenInCluster (node:net:1969:12)
    at Server.listen (node:net:2074:7)
    at startServer (/Users/jorge.francisco/Desktop/pulse-mvp/mysourcing-pulse-backend/src/app.ts:225:12)
2025-07-07 16:07:31 [ERROR]: uncaughtException: listen EADDRINUSE: address already in use :::3001
Error: listen EADDRINUSE: address already in use :::3001
    at Server.setupListenHandle [as _listen2] (node:net:1912:16)
    at listenInCluster (node:net:1969:12)
    at Server.listen (node:net:2074:7)
    at startServer (/Users/jorge.francisco/Desktop/pulse-mvp/mysourcing-pulse-backend/src/app.ts:225:12)
Error: listen EADDRINUSE: address already in use :::3001
    at Server.setupListenHandle [as _listen2] (node:net:1912:16)
    at listenInCluster (node:net:1969:12)
    at Server.listen (node:net:2074:7)
    at startServer (/Users/jorge.francisco/Desktop/pulse-mvp/mysourcing-pulse-backend/src/app.ts:225:12)
2025-07-07 16:08:32 [ERROR]: uncaughtException: listen EADDRINUSE: address already in use :::3001
Error: listen EADDRINUSE: address already in use :::3001
    at Server.setupListenHandle [as _listen2] (node:net:1912:16)
    at listenInCluster (node:net:1969:12)
    at Server.listen (node:net:2074:7)
    at startServer (/Users/jorge.francisco/Desktop/pulse-mvp/mysourcing-pulse-backend/src/app.ts:225:12)
Error: listen EADDRINUSE: address already in use :::3001
    at Server.setupListenHandle [as _listen2] (node:net:1912:16)
    at listenInCluster (node:net:1969:12)
    at Server.listen (node:net:2074:7)
    at startServer (/Users/jorge.francisco/Desktop/pulse-mvp/mysourcing-pulse-backend/src/app.ts:225:12)
2025-07-07 16:09:15 [ERROR]: uncaughtException: listen EADDRINUSE: address already in use :::3001
Error: listen EADDRINUSE: address already in use :::3001
    at Server.setupListenHandle [as _listen2] (node:net:1912:16)
    at listenInCluster (node:net:1969:12)
    at Server.listen (node:net:2074:7)
    at startServer (/Users/jorge.francisco/Desktop/pulse-mvp/mysourcing-pulse-backend/src/app.ts:225:12)
Error: listen EADDRINUSE: address already in use :::3001
    at Server.setupListenHandle [as _listen2] (node:net:1912:16)
    at listenInCluster (node:net:1969:12)
    at Server.listen (node:net:2074:7)
    at startServer (/Users/jorge.francisco/Desktop/pulse-mvp/mysourcing-pulse-backend/src/app.ts:225:12)
2025-07-07 16:09:26 [ERROR]: uncaughtException: listen EADDRINUSE: address already in use :::3001
Error: listen EADDRINUSE: address already in use :::3001
    at Server.setupListenHandle [as _listen2] (node:net:1912:16)
    at listenInCluster (node:net:1969:12)
    at Server.listen (node:net:2074:7)
    at startServer (/Users/jorge.francisco/Desktop/pulse-mvp/mysourcing-pulse-backend/src/app.ts:225:12)
Error: listen EADDRINUSE: address already in use :::3001
    at Server.setupListenHandle [as _listen2] (node:net:1912:16)
    at listenInCluster (node:net:1969:12)
    at Server.listen (node:net:2074:7)
    at startServer (/Users/jorge.francisco/Desktop/pulse-mvp/mysourcing-pulse-backend/src/app.ts:225:12)
