2025-07-16 22:24:12 [[31MERROR[39M]: uncaughtException: тип Unable to compile TypeScript:
src/controllers/authController.ts(259,92): error TS2554: Expected 3 arguments, but got 4.

TSError: тип Unable to compile TypeScript:
src/controllers/authController.ts(259,92): error TS2554: Expected 3 arguments, but got 4.

    at createTSError (/app/node_modules/ts-node/src/index.ts:859:12)
    at reportTSError (/app/node_modules/ts-node/src/index.ts:863:19)
    at getOutput (/app/node_modules/ts-node/src/index.ts:1077:36)
    at Object.compile (/app/node_modules/ts-node/src/index.ts:1433:41)
    at Module.m._compile (/app/node_modules/ts-node/src/index.ts:1617:30)
    at Module._extensions..js (node:internal/modules/cjs/loader:1422:10)
    at Object.require.extensions.<computed> [as .ts] (/app/node_modules/ts-node/src/index.ts:1621:12)
    at Module.load (node:internal/modules/cjs/loader:1203:32)
    at Function.Module._load (node:internal/modules/cjs/loader:1019:12)
    at Module.require (node:internal/modules/cjs/loader:1231:19)
TSError: тип Unable to compile TypeScript:
src/controllers/authController.ts(259,92): error TS2554: Expected 3 arguments, but got 4.

    at createTSError (/app/node_modules/ts-node/src/index.ts:859:12)
    at reportTSError (/app/node_modules/ts-node/src/index.ts:863:19)
    at getOutput (/app/node_modules/ts-node/src/index.ts:1077:36)
    at Object.compile (/app/node_modules/ts-node/src/index.ts:1433:41)
    at Module.m._compile (/app/node_modules/ts-node/src/index.ts:1617:30)
    at Module._extensions..js (node:internal/modules/cjs/loader:1422:10)
    at Object.require.extensions.<computed> [as .ts] (/app/node_modules/ts-node/src/index.ts:1621:12)
    at Module.load (node:internal/modules/cjs/loader:1203:32)
    at Function.Module._load (node:internal/modules/cjs/loader:1019:12)
    at Module.require (node:internal/modules/cjs/loader:1231:19)
